Added Component: Designator=P1(HDR1X2)
Added Component: Designator=P2(HDR1X2)
Added Component: Designator=Q1(TO-18)
Added Component: Designator=R1(Rm065-v1)
Added Component: Designator=R2(AXIAL-0.3)
Added Component: Designator=U1(D008_L)
Added Pin To Net: NetName=+LOAD Pin=P1-2
Added Pin To Net: NetName=+LOAD Pin=Q1-1
Added Net: Name=+LOAD
Added Pin To Net: NetName=-LOAD Pin=P1-1
Added Pin To Net: NetName=-LOAD Pin=R2-1
Added Net: Name=-LOAD
Added Pin To Net: NetName=5V Pin=P2-2
Added Pin To Net: NetName=5V Pin=R1-2
Added Pin To Net: NetName=5V Pin=U1-8
Added Net: Name=5V
Added Pin To Net: NetName=GND Pin=P2-1
Added Pin To Net: NetName=GND Pin=R1-1
Added Pin To Net: NetName=GND Pin=U1-4
Added Net: Name=GND
Added Pin To Net: NetName=NetQ1_2 Pin=Q1-2
Added Pin To Net: NetName=NetQ1_2 Pin=U1-1
Added Net: Name=NetQ1_2
Added Pin To Net: NetName=NetQ1_3 Pin=Q1-3
Added Pin To Net: NetName=NetQ1_3 Pin=R2-2
Added Pin To Net: NetName=NetQ1_3 Pin=U1-3
Added Net: Name=NetQ1_3
Added Pin To Net: NetName=NetR1_3 Pin=R1-3
Added Pin To Net: NetName=NetR1_3 Pin=U1-2
Added Net: Name=NetR1_3
Added Class: Name=Sheet2
